<?xml version="1.0" encoding="UTF-8"?>
<!-- Generated by org.testng.reporters.JUnitReportReporter -->
<testsuite skipped="0" hostname="ParitaPatel" name="com.crm.qa.testcases.ContactPageTest" tests="1" failures="0" timestamp="05 Feb 2021 15:29:37 GMT" time="13.845" errors="0">
  <testcase name="verifyContactlabel" time="13.845" classname="com.crm.qa.testcases.ContactPageTest"/>
</testsuite> <!-- com.crm.qa.testcases.ContactPageTest -->
