<?xml version="1.0" encoding="UTF-8"?>
<!-- Generated by org.testng.reporters.JUnitReportReporter -->
<testsuite skipped="0" hostname="ParitaPatel" name="com.crm.qa.testcases.HomePageTest" tests="3" failures="0" timestamp="05 Feb 2021 15:29:37 GMT" time="38.006" errors="0">
  <testcase name="verifyHomePageTitleTest" time="11.761" classname="com.crm.qa.testcases.HomePageTest"/>
  <testcase name="veryUserNameTest" time="12.987" classname="com.crm.qa.testcases.HomePageTest"/>
  <testcase name="verifyContacrLink" time="13.258" classname="com.crm.qa.testcases.HomePageTest"/>
</testsuite> <!-- com.crm.qa.testcases.HomePageTest -->
