<?xml version="1.0" encoding="UTF-8"?>
<!-- Generated by org.testng.reporters.JUnitReportReporter -->
<testsuite skipped="0" hostname="ParitaPatel" name="com.crm.qa.testcases.LoginPageTest" tests="3" failures="0" timestamp="05 Feb 2021 15:29:37 GMT" time="31.174" errors="0">
  <testcase name="loginPageTitleTest" time="8.820" classname="com.crm.qa.testcases.LoginPageTest"/>
  <testcase name="crmLogoImageTest" time="10.200" classname="com.crm.qa.testcases.LoginPageTest"/>
  <testcase name="loginTest" time="12.154" classname="com.crm.qa.testcases.LoginPageTest"/>
</testsuite> <!-- com.crm.qa.testcases.LoginPageTest -->
