<?xml version="1.0" encoding="UTF-8"?>
<!-- Generated by org.testng.reporters.JUnitReportReporter -->
<testsuite skipped="0" hostname="ParitaPatel" name="com.crm.qa.testcases.LoginPageTest" tests="3" failures="0" timestamp="08 Feb 2021 11:20:29 GMT" time="37.945" errors="0">
  <testcase name="loginPageTitleTest" time="10.366" classname="com.crm.qa.testcases.LoginPageTest"/>
  <testcase name="crmLogoImageTest" time="15.805" classname="com.crm.qa.testcases.LoginPageTest"/>
  <testcase name="loginTest" time="11.774" classname="com.crm.qa.testcases.LoginPageTest"/>
</testsuite> <!-- com.crm.qa.testcases.LoginPageTest -->
