<?xml version="1.0" encoding="UTF-8"?>
<!-- Generated by org.testng.reporters.JUnitReportReporter -->
<testsuite skipped="0" hostname="ParitaPatel" name="com.crm.qa.testcases.HomePageTest" tests="3" failures="0" timestamp="08 Feb 2021 11:20:29 GMT" time="46.784" errors="0">
  <testcase name="verifyHomePageTitleTest" time="13.401" classname="com.crm.qa.testcases.HomePageTest"/>
  <testcase name="veryUserNameTest" time="16.572" classname="com.crm.qa.testcases.HomePageTest"/>
  <testcase name="verifyContacrLink" time="16.811" classname="com.crm.qa.testcases.HomePageTest"/>
</testsuite> <!-- com.crm.qa.testcases.HomePageTest -->
