<?xml version="1.0" encoding="UTF-8"?>
<!-- Generated by org.testng.reporters.JUnitReportReporter -->
<testsuite skipped="0" hostname="ParitaPatel" name="com.crm.qa.testcases.LoginPageTest" tests="3" failures="0" timestamp="01 Feb 2021 12:48:43 GMT" time="35.562" errors="0">
  <testcase name="loginPageTitleTest" time="11.138" classname="com.crm.qa.testcases.LoginPageTest"/>
  <testcase name="crmLogoImageTest" time="10.298" classname="com.crm.qa.testcases.LoginPageTest"/>
  <testcase name="loginTest" time="14.126" classname="com.crm.qa.testcases.LoginPageTest"/>
</testsuite> <!-- com.crm.qa.testcases.LoginPageTest -->
